Current step: 0
Current step: 0
[0m[ INFO] [1376570352.090585497, 0.200000000]: Current x position is: 5.000000[0m
[0m[ INFO] [1376570352.090679472, 0.200000000]: Current y position is: 10.000000[0m
[0m[ INFO] [1376570352.090726823, 0.200000000]: Current theta is: 90.000000[0m
[0m[ INFO] [1376570352.090792200, 0.200000000]: Current x position is: 5.000000[0m
[0m[ INFO] [1376570352.090837162, 0.200000000]: Current y position is: 10.000000[0m
[0m[ INFO] [1376570352.090879174, 0.200000000]: Current theta is: 90.000000[0m
Current step: 0
Current step: 0
[0m[ INFO] [1376570352.215434891, 0.300000000]: Current x position is: 5.000000[0m
[0m[ INFO] [1376570352.215497398, 0.300000000]: Current y position is: 10.000000[0m
[0m[ INFO] [1376570352.215541095, 0.300000000]: Current theta is: 90.000000[0m
Current step: 0
[0m[ INFO] [1376570352.333981457, 0.400000000]: Current x position is: 5.100000[0m
[0m[ INFO] [1376570352.334042484, 0.400000000]: Current y position is: 10.000000[0m
[0m[ INFO] [1376570352.334086567, 0.400000000]: Current theta is: 90.000000[0m
Current step: 0
[0m[ INFO] [1376570352.452401484, 0.500000000]: Current x position is: 5.200000[0m
[0m[ INFO] [1376570352.452462962, 0.500000000]: Current y position is: 10.000000[0m
[0m[ INFO] [1376570352.452506100, 0.500000000]: Current theta is: 90.000000[0m
Current step: 0
[0m[ INFO] [1376570352.579149510, 0.600000000]: Current x position is: 5.300000[0m
[0m[ INFO] [1376570352.579209532, 0.600000000]: Current y position is: 10.000000[0m
[0m[ INFO] [1376570352.579246852, 0.600000000]: Current theta is: 90.000000[0m
Current step: 0
[0m[ INFO] [1376570352.682057988, 0.700000000]: Current x position is: 5.400000[0m
[0m[ INFO] [1376570352.682116288, 0.700000000]: Current y position is: 10.000000[0m
[0m[ INFO] [1376570352.682153375, 0.700000000]: Current theta is: 90.000000[0m
Current step: 0
[0m[ INFO] [1376570352.779920681, 0.800000000]: Current x position is: 5.500000[0m
[0m[ INFO] [1376570352.779980857, 0.800000000]: Current y position is: 10.000000[0m
[0m[ INFO] [1376570352.780019425, 0.800000000]: Current theta is: 90.000000[0m
Current step: 0
[0m[ INFO] [1376570352.867257681, 0.900000000]: Current x position is: 5.600000[0m
[0m[ INFO] [1376570352.867317791, 0.900000000]: Current y position is: 10.000000[0m
[0m[ INFO] [1376570352.867368893, 0.900000000]: Current theta is: 90.000000[0m
Current step: 0
[0m[ INFO] [1376570352.948228842, 1.000000000]: Current x position is: 5.700000[0m
[0m[ INFO] [1376570352.948289446, 1.000000000]: Current y position is: 10.000000[0m
[0m[ INFO] [1376570352.948327641, 1.000000000]: Current theta is: 90.000000[0m
Current step: 0
[0m[ INFO] [1376570353.033180372, 1.100000000]: Current x position is: 5.800000[0m
[0m[ INFO] [1376570353.033294720, 1.100000000]: Current y position is: 10.000000[0m
[0m[ INFO] [1376570353.033396903, 1.100000000]: Current theta is: 90.000000[0m
Current step: 0
[0m[ INFO] [1376570353.116460534, 1.200000000]: Current x position is: 5.900000[0m
[0m[ INFO] [1376570353.116519285, 1.200000000]: Current y position is: 10.000000[0m
[0m[ INFO] [1376570353.116556523, 1.200000000]: Current theta is: 90.000000[0m
Current step: 0
[0m[ INFO] [1376570353.202555074, 1.300000000]: Current x position is: 6.000000[0m
[0m[ INFO] [1376570353.202613489, 1.300000000]: Current y position is: 10.000000[0m
[0m[ INFO] [1376570353.202649988, 1.300000000]: Current theta is: 90.000000[0m
Current step: 0
[0m[ INFO] [1376570353.317632403, 1.400000000]: Current x position is: 6.100000[0m
[0m[ INFO] [1376570353.317689858, 1.400000000]: Current y position is: 10.000000[0m
[0m[ INFO] [1376570353.317727134, 1.400000000]: Current theta is: 90.000000[0m
Current step: 0
[0m[ INFO] [1376570353.461429336, 1.500000000]: Current x position is: 6.200000[0m
[0m[ INFO] [1376570353.461498261, 1.500000000]: Current y position is: 10.000000[0m
[0m[ INFO] [1376570353.461545005, 1.500000000]: Current theta is: 90.000000[0m
Current step: 0
[0m[ INFO] [1376570353.596096683, 1.600000000]: Current x position is: 6.300000[0m
[0m[ INFO] [1376570353.596184391, 1.600000000]: Current y position is: 10.000000[0m
[0m[ INFO] [1376570353.596222304, 1.600000000]: Current theta is: 90.000000[0m
Current step: 0
Current step: 0
[0m[ INFO] [1376570353.728030022, 1.800000000]: Current x position is: 6.400000[0m
[0m[ INFO] [1376570353.728090338, 1.800000000]: Current y position is: 10.000000[0m
[0m[ INFO] [1376570353.728127135, 1.800000000]: Current theta is: 90.000000[0m
[0m[ INFO] [1376570353.728169209, 1.800000000]: Current x position is: 6.500000[0m
[0m[ INFO] [1376570353.728204828, 1.800000000]: Current y position is: 10.000000[0m
[0m[ INFO] [1376570353.728238935, 1.800000000]: Current theta is: 90.000000[0m
Current step: 0
[0m[ INFO] [1376570353.845570735, 1.900000000]: Current x position is: 6.600000[0m
[0m[ INFO] [1376570353.845628043, 1.900000000]: Current y position is: 10.000000[0m
[0m[ INFO] [1376570353.845664537, 1.900000000]: Current theta is: 90.000000[0m
Current step: 0
[0m[ INFO] [1376570353.976791278, 2.000000000]: Current x position is: 6.700000[0m
[0m[ INFO] [1376570353.976849603, 2.000000000]: Current y position is: 10.000000[0m
[0m[ INFO] [1376570353.976886513, 2.000000000]: Current theta is: 90.000000[0m
Current step: 0
[0m[ INFO] [1376570354.101266280, 2.100000000]: Current x position is: 6.800000[0m
[0m[ INFO] [1376570354.101324714, 2.100000000]: Current y position is: 10.000000[0m
[0m[ INFO] [1376570354.101361215, 2.100000000]: Current theta is: 90.000000[0m
Current step: 0
Current step: 0
[0m[ INFO] [1376570354.235120819, 2.300000000]: Current x position is: 6.900000[0m
[0m[ INFO] [1376570354.235179743, 2.300000000]: Current y position is: 10.000000[0m
[0m[ INFO] [1376570354.235216980, 2.300000000]: Current theta is: 90.000000[0m
[0m[ INFO] [1376570354.235258832, 2.300000000]: Current x position is: 7.000000[0m
[0m[ INFO] [1376570354.235294257, 2.300000000]: Current y position is: 10.000000[0m
[0m[ INFO] [1376570354.235327828, 2.300000000]: Current theta is: 90.000000[0m
Current step: 0
[0m[ INFO] [1376570354.365401842, 2.400000000]: Current x position is: 7.100000[0m
[0m[ INFO] [1376570354.365460559, 2.400000000]: Current y position is: 10.000000[0m
[0m[ INFO] [1376570354.365511024, 2.400000000]: Current theta is: 90.000000[0m
Current step: 0
[0m[ INFO] [1376570354.509246084, 2.500000000]: Current x position is: 7.200000[0m
[0m[ INFO] [1376570354.509305039, 2.500000000]: Current y position is: 10.000000[0m
[0m[ INFO] [1376570354.509342067, 2.500000000]: Current theta is: 90.000000[0m
Current step: 0
Current step: 0
[0m[ INFO] [1376570354.644717965, 2.700000000]: Current x position is: 7.300000[0m
[0m[ INFO] [1376570354.644778097, 2.700000000]: Current y position is: 10.000000[0m
[0m[ INFO] [1376570354.644815544, 2.700000000]: Current theta is: 90.000000[0m
[0m[ INFO] [1376570354.644856455, 2.700000000]: Current x position is: 7.400000[0m
[0m[ INFO] [1376570354.644891874, 2.700000000]: Current y position is: 10.000000[0m
[0m[ INFO] [1376570354.644925669, 2.700000000]: Current theta is: 90.000000[0m
Current step: 0
[0m[ INFO] [1376570354.776437344, 2.800000000]: Current x position is: 7.500000[0m
[0m[ INFO] [1376570354.776498436, 2.800000000]: Current y position is: 10.000000[0m
[0m[ INFO] [1376570354.776548131, 2.800000000]: Current theta is: 90.000000[0m
Current step: 0
[0m[ INFO] [1376570354.906394474, 2.900000000]: Current x position is: 7.600000[0m
[0m[ INFO] [1376570354.906452868, 2.900000000]: Current y position is: 10.000000[0m
[0m[ INFO] [1376570354.906489293, 2.900000000]: Current theta is: 90.000000[0m
Current step: 0
Current step: 0
[0m[ INFO] [1376570355.039381238, 3.100000000]: Current x position is: 7.700000[0m
[0m[ INFO] [1376570355.039453479, 3.100000000]: Current y position is: 10.000000[0m
[0m[ INFO] [1376570355.039491023, 3.100000000]: Current theta is: 90.000000[0m
[0m[ INFO] [1376570355.039537694, 3.100000000]: Current x position is: 7.800000[0m
[0m[ INFO] [1376570355.039580122, 3.100000000]: Current y position is: 10.000000[0m
[0m[ INFO] [1376570355.039642432, 3.100000000]: Current theta is: 90.000000[0m
Current step: 0
[0m[ INFO] [1376570355.171768741, 3.200000000]: Current x position is: 7.900000[0m
[0m[ INFO] [1376570355.171830558, 3.200000000]: Current y position is: 10.000000[0m
[0m[ INFO] [1376570355.171867713, 3.200000000]: Current theta is: 90.000000[0m
Current step: 0
[0m[ INFO] [1376570355.310484961, 3.300000000]: Current x position is: 8.000000[0m
[0m[ INFO] [1376570355.310547218, 3.300000000]: Current y position is: 10.000000[0m
[0m[ INFO] [1376570355.310595927, 3.300000000]: Current theta is: 90.000000[0m
Current step: 0
Current step: 0
[0m[ INFO] [1376570355.450318890, 3.500000000]: Current x position is: 8.100000[0m
[0m[ INFO] [1376570355.450379833, 3.500000000]: Current y position is: 10.000000[0m
[0m[ INFO] [1376570355.450417731, 3.500000000]: Current theta is: 90.000000[0m
[0m[ INFO] [1376570355.450460294, 3.500000000]: Current x position is: 8.200000[0m
[0m[ INFO] [1376570355.450496862, 3.500000000]: Current y position is: 10.000000[0m
[0m[ INFO] [1376570355.450531484, 3.500000000]: Current theta is: 90.000000[0m
Current step: 0
[0m[ INFO] [1376570355.606423592, 3.600000000]: Current x position is: 8.300000[0m
[0m[ INFO] [1376570355.606487554, 3.600000000]: Current y position is: 10.000000[0m
[0m[ INFO] [1376570355.606528107, 3.600000000]: Current theta is: 90.000000[0m
Current step: 0
Current step: 0
[0m[ INFO] [1376570355.741005316, 3.800000000]: Current x position is: 8.400000[0m
[0m[ INFO] [1376570355.741071485, 3.800000000]: Current y position is: 10.000000[0m
[0m[ INFO] [1376570355.741111582, 3.800000000]: Current theta is: 90.000000[0m
[0m[ INFO] [1376570355.741171863, 3.800000000]: Current x position is: 8.500000[0m
[0m[ INFO] [1376570355.741210321, 3.800000000]: Current y position is: 10.000000[0m
[0m[ INFO] [1376570355.741245734, 3.800000000]: Current theta is: 90.000000[0m
Current step: 0
[0m[ INFO] [1376570355.903758782, 3.900000000]: Current x position is: 8.600000[0m
[0m[ INFO] [1376570355.903818220, 3.900000000]: Current y position is: 10.000000[0m
[0m[ INFO] [1376570355.903854931, 3.900000000]: Current theta is: 90.000000[0m
Current step: 0
Current step: 0
[0m[ INFO] [1376570356.028940131, 4.100000000]: Current x position is: 8.700000[0m
[0m[ INFO] [1376570356.028998808, 4.100000000]: Current y position is: 10.000000[0m
[0m[ INFO] [1376570356.029036036, 4.100000000]: Current theta is: 90.000000[0m
[0m[ INFO] [1376570356.029078038, 4.100000000]: Current x position is: 8.800000[0m
[0m[ INFO] [1376570356.029113260, 4.100000000]: Current y position is: 10.000000[0m
[0m[ INFO] [1376570356.029147225, 4.100000000]: Current theta is: 90.000000[0m
Current step: 0
[0m[ INFO] [1376570356.185377666, 4.200000000]: Current x position is: 8.900000[0m
[0m[ INFO] [1376570356.185437026, 4.200000000]: Current y position is: 10.000000[0m
[0m[ INFO] [1376570356.185474990, 4.200000000]: Current theta is: 90.000000[0m
Current step: 0
[0m[ INFO] [1376570356.311505039, 4.300000000]: Current x position is: 9.000000[0m
[0m[ INFO] [1376570356.311562418, 4.300000000]: Current y position is: 10.000000[0m
[0m[ INFO] [1376570356.311599491, 4.300000000]: Current theta is: 90.000000[0m
Current step: 0
Current step: 0
[0m[ INFO] [1376570356.468282457, 4.500000000]: Current x position is: 9.100000[0m
[0m[ INFO] [1376570356.468340773, 4.500000000]: Current y position is: 10.000000[0m
[0m[ INFO] [1376570356.468377650, 4.500000000]: Current theta is: 90.000000[0m
[0m[ INFO] [1376570356.468419312, 4.500000000]: Current x position is: 9.200000[0m
[0m[ INFO] [1376570356.468455153, 4.500000000]: Current y position is: 10.000000[0m
[0m[ INFO] [1376570356.468489013, 4.500000000]: Current theta is: 90.000000[0m
Current step: 0
[0m[ INFO] [1376570356.611479846, 4.600000000]: Current x position is: 9.300000[0m
[0m[ INFO] [1376570356.611539095, 4.600000000]: Current y position is: 10.000000[0m
[0m[ INFO] [1376570356.611576659, 4.600000000]: Current theta is: 90.000000[0m
Current step: 0
Current step: 0
[0m[ INFO] [1376570356.780477614, 4.800000000]: Current x position is: 9.400000[0m
[0m[ INFO] [1376570356.780537240, 4.800000000]: Current y position is: 10.000000[0m
[0m[ INFO] [1376570356.780575015, 4.800000000]: Current theta is: 90.000000[0m
[0m[ INFO] [1376570356.780618366, 4.800000000]: Current x position is: 9.500000[0m
[0m[ INFO] [1376570356.780654670, 4.800000000]: Current y position is: 10.000000[0m
[0m[ INFO] [1376570356.780688418, 4.800000000]: Current theta is: 90.000000[0m
Current step: 0
[0m[ INFO] [1376570356.914502820, 4.900000000]: Current x position is: 9.600000[0m
[0m[ INFO] [1376570356.914560552, 4.900000000]: Current y position is: 10.000000[0m
[0m[ INFO] [1376570356.914596919, 4.900000000]: Current theta is: 90.000000[0m
Current step: 0
Current step: 0
[0m[ INFO] [1376570357.046383075, 5.100000000]: Current x position is: 9.700000[0m
[0m[ INFO] [1376570357.046445715, 5.100000000]: Current y position is: 10.000000[0m
[0m[ INFO] [1376570357.046484996, 5.100000000]: Current theta is: 90.000000[0m
[0m[ INFO] [1376570357.046528644, 5.100000000]: Current x position is: 9.800000[0m
[0m[ INFO] [1376570357.046565247, 5.100000000]: Current y position is: 10.000000[0m
[0m[ INFO] [1376570357.046600429, 5.100000000]: Current theta is: 90.000000[0m
Current step: 0
[0m[ INFO] [1376570357.172304035, 5.200000000]: Current x position is: 9.900000[0m
[0m[ INFO] [1376570357.172364467, 5.200000000]: Current y position is: 10.000000[0m
[0m[ INFO] [1376570357.172401317, 5.200000000]: Current theta is: 90.000000[0m
Current step: 0
[0m[ INFO] [1376570357.294120631, 5.300000000]: Current x position is: 10.000000[0m
[0m[ INFO] [1376570357.294179622, 5.300000000]: Current y position is: 10.000000[0m
[0m[ INFO] [1376570357.294217442, 5.300000000]: Current theta is: 90.000000[0m
Current step: 0
Current step: 0
[0m[ INFO] [1376570357.425494791, 5.500000000]: Current x position is: 10.100000[0m
[0m[ INFO] [1376570357.425555546, 5.500000000]: Current y position is: 10.000000[0m
[0m[ INFO] [1376570357.425593822, 5.500000000]: Current theta is: 90.000000[0m
[0m[ INFO] [1376570357.425638644, 5.500000000]: Current x position is: 10.200000[0m
[0m[ INFO] [1376570357.425675532, 5.500000000]: Current y position is: 10.000000[0m
[0m[ INFO] [1376570357.425710268, 5.500000000]: Current theta is: 90.000000[0m
Current step: 0
[0m[ INFO] [1376570357.549996218, 5.600000000]: Current x position is: 10.300000[0m
[0m[ INFO] [1376570357.550056655, 5.600000000]: Current y position is: 10.000000[0m
[0m[ INFO] [1376570357.550094549, 5.600000000]: Current theta is: 90.000000[0m
Current step: 0
[0m[ INFO] [1376570357.678739337, 5.700000000]: Current x position is: 10.400000[0m
[0m[ INFO] [1376570357.678798968, 5.700000000]: Current y position is: 10.000000[0m
[0m[ INFO] [1376570357.678837116, 5.700000000]: Current theta is: 90.000000[0m
Current step: 0
[0m[ INFO] [1376570357.830690620, 5.800000000]: Current x position is: 10.500000[0m
[0m[ INFO] [1376570357.830747233, 5.800000000]: Current y position is: 10.000000[0m
[0m[ INFO] [1376570357.830783851, 5.800000000]: Current theta is: 90.000000[0m
Current step: 0
Current step: 0
[0m[ INFO] [1376570357.999710860, 6.000000000]: Current x position is: 10.600000[0m
[0m[ INFO] [1376570357.999769778, 6.000000000]: Current y position is: 10.000000[0m
[0m[ INFO] [1376570357.999807128, 6.000000000]: Current theta is: 90.000000[0m
[0m[ INFO] [1376570357.999849810, 6.000000000]: Current x position is: 10.700000[0m
[0m[ INFO] [1376570357.999897183, 6.000000000]: Current y position is: 10.000000[0m
[0m[ INFO] [1376570357.999932103, 6.000000000]: Current theta is: 90.000000[0m
Current step: 0
Current step: 0
[0m[ INFO] [1376570358.139960288, 6.200000000]: Current x position is: 10.800000[0m
[0m[ INFO] [1376570358.140020003, 6.200000000]: Current y position is: 10.000000[0m
[0m[ INFO] [1376570358.140056696, 6.200000000]: Current theta is: 90.000000[0m
[0m[ INFO] [1376570358.140124385, 6.200000000]: Current x position is: 10.900000[0m
[0m[ INFO] [1376570358.140160279, 6.200000000]: Current y position is: 10.000000[0m
[0m[ INFO] [1376570358.140193836, 6.200000000]: Current theta is: 90.000000[0m
Current step: 0
[0m[ INFO] [1376570358.295715340, 6.300000000]: Current x position is: 11.000000[0m
[0m[ INFO] [1376570358.295774443, 6.300000000]: Current y position is: 10.000000[0m
[0m[ INFO] [1376570358.295812207, 6.300000000]: Current theta is: 90.000000[0m
Current step: 0
Current step: 0
[0m[ INFO] [1376570358.443647691, 6.500000000]: Current x position is: 11.100000[0m
[0m[ INFO] [1376570358.443705187, 6.500000000]: Current y position is: 10.000000[0m
[0m[ INFO] [1376570358.443742459, 6.500000000]: Current theta is: 90.000000[0m
[0m[ INFO] [1376570358.443784306, 6.500000000]: Current x position is: 11.200000[0m
[0m[ INFO] [1376570358.443820015, 6.500000000]: Current y position is: 10.000000[0m
[0m[ INFO] [1376570358.443853637, 6.500000000]: Current theta is: 90.000000[0m
Current step: 0
[0m[ INFO] [1376570358.582757423, 6.600000000]: Current x position is: 11.300000[0m
[0m[ INFO] [1376570358.582816969, 6.600000000]: Current y position is: 10.000000[0m
[0m[ INFO] [1376570358.582855305, 6.600000000]: Current theta is: 90.000000[0m
Current step: 0
[0m[ INFO] [1376570358.716315833, 6.700000000]: Current x position is: 11.400000[0m
[0m[ INFO] [1376570358.716375231, 6.700000000]: Current y position is: 10.000000[0m
[0m[ INFO] [1376570358.716412936, 6.700000000]: Current theta is: 90.000000[0m
Current step: 0
Current step: 0
[0m[ INFO] [1376570358.854377455, 6.900000000]: Current x position is: 11.500000[0m
[0m[ INFO] [1376570358.854435880, 6.900000000]: Current y position is: 10.000000[0m
[0m[ INFO] [1376570358.854484413, 6.900000000]: Current theta is: 90.000000[0m
[0m[ INFO] [1376570358.854527648, 6.900000000]: Current x position is: 11.600000[0m
[0m[ INFO] [1376570358.854563455, 6.900000000]: Current y position is: 10.000000[0m
[0m[ INFO] [1376570358.854596867, 6.900000000]: Current theta is: 90.000000[0m
Current step: 0
[0m[ INFO] [1376570358.981070682, 7.000000000]: Current x position is: 11.700000[0m
[0m[ INFO] [1376570358.981128572, 7.000000000]: Current y position is: 10.000000[0m
[0m[ INFO] [1376570358.981164723, 7.000000000]: Current theta is: 90.000000[0m
Current step: 0
[0m[ INFO] [1376570359.111077904, 7.100000000]: Current x position is: 11.800000[0m
[0m[ INFO] [1376570359.111137378, 7.100000000]: Current y position is: 10.000000[0m
[0m[ INFO] [1376570359.111175051, 7.100000000]: Current theta is: 90.000000[0m
Current step: 0
Current step: 0
[0m[ INFO] [1376570359.250793053, 7.300000000]: Current x position is: 11.900000[0m
[0m[ INFO] [1376570359.250851172, 7.300000000]: Current y position is: 10.000000[0m
[0m[ INFO] [1376570359.250888385, 7.300000000]: Current theta is: 90.000000[0m
[0m[ INFO] [1376570359.250931042, 7.300000000]: Current x position is: 12.000000[0m
[0m[ INFO] [1376570359.250966533, 7.300000000]: Current y position is: 10.000000[0m
[0m[ INFO] [1376570359.251009847, 7.300000000]: Current theta is: 90.000000[0m
Current step: 0
[0m[ INFO] [1376570359.377977805, 7.400000000]: Current x position is: 12.100000[0m
[0m[ INFO] [1376570359.378050860, 7.400000000]: Current y position is: 10.000000[0m
[0m[ INFO] [1376570359.378089709, 7.400000000]: Current theta is: 90.000000[0m
Current step: 0
[0m[ INFO] [1376570359.504229392, 7.500000000]: Current x position is: 12.200000[0m
[0m[ INFO] [1376570359.504289159, 7.500000000]: Current y position is: 10.000000[0m
[0m[ INFO] [1376570359.504326771, 7.500000000]: Current theta is: 90.000000[0m
Current step: 0
Current step: 0
[0m[ INFO] [1376570359.634641552, 7.700000000]: Current x position is: 12.300000[0m
[0m[ INFO] [1376570359.634700698, 7.700000000]: Current y position is: 10.000000[0m
[0m[ INFO] [1376570359.634738734, 7.700000000]: Current theta is: 90.000000[0m
[0m[ INFO] [1376570359.634781358, 7.700000000]: Current x position is: 12.400000[0m
[0m[ INFO] [1376570359.634841772, 7.700000000]: Current y position is: 10.000000[0m
[0m[ INFO] [1376570359.634876964, 7.700000000]: Current theta is: 90.000000[0m
Current step: 0
[0m[ INFO] [1376570359.808885655, 7.800000000]: Current x position is: 12.500000[0m
[0m[ INFO] [1376570359.808943711, 7.800000000]: Current y position is: 10.000000[0m
[0m[ INFO] [1376570359.808981611, 7.800000000]: Current theta is: 90.000000[0m
Current step: 0
Current step: 0
[0m[ INFO] [1376570359.975555365, 8.000000000]: Current x position is: 12.600000[0m
[0m[ INFO] [1376570359.975624594, 8.000000000]: Current y position is: 10.000000[0m
[0m[ INFO] [1376570359.975662220, 8.000000000]: Current theta is: 90.000000[0m
[0m[ INFO] [1376570359.975704677, 8.000000000]: Current x position is: 12.700000[0m
[0m[ INFO] [1376570359.975739872, 8.000000000]: Current y position is: 10.000000[0m
[0m[ INFO] [1376570359.975773787, 8.000000000]: Current theta is: 90.000000[0m
Current step: 0
[0m[ INFO] [1376570360.111929044, 8.100000000]: Current x position is: 12.800000[0m
[0m[ INFO] [1376570360.111988972, 8.100000000]: Current y position is: 10.000000[0m
[0m[ INFO] [1376570360.112036914, 8.100000000]: Current theta is: 90.000000[0m
Current step: 0
Current step: 0
[0m[ INFO] [1376570360.278940947, 8.300000000]: Current x position is: 12.900000[0m
[0m[ INFO] [1376570360.278998693, 8.300000000]: Current y position is: 10.000000[0m
[0m[ INFO] [1376570360.279035545, 8.300000000]: Current theta is: 90.000000[0m
[0m[ INFO] [1376570360.279077985, 8.300000000]: Current x position is: 13.000000[0m
[0m[ INFO] [1376570360.279125408, 8.300000000]: Current y position is: 10.000000[0m
[0m[ INFO] [1376570360.279160380, 8.300000000]: Current theta is: 90.000000[0m
Current step: 0
[0m[ INFO] [1376570360.414363404, 8.400000000]: Current x position is: 13.100000[0m
[0m[ INFO] [1376570360.414420505, 8.400000000]: Current y position is: 10.000000[0m
[0m[ INFO] [1376570360.414457436, 8.400000000]: Current theta is: 90.000000[0m
Current step: 0
Current step: 0
[0m[ INFO] [1376570360.578665313, 8.600000000]: Current x position is: 13.200000[0m
[0m[ INFO] [1376570360.578726878, 8.600000000]: Current y position is: 10.000000[0m
[0m[ INFO] [1376570360.578764398, 8.600000000]: Current theta is: 90.000000[0m
[0m[ INFO] [1376570360.578807043, 8.600000000]: Current x position is: 13.300000[0m
[0m[ INFO] [1376570360.578842897, 8.600000000]: Current y position is: 10.000000[0m
[0m[ INFO] [1376570360.578877082, 8.600000000]: Current theta is: 90.000000[0m
Current step: 0
[0m[ INFO] [1376570360.711472822, 8.700000000]: Current x position is: 13.400000[0m
[0m[ INFO] [1376570360.711529885, 8.700000000]: Current y position is: 10.000000[0m
[0m[ INFO] [1376570360.711566305, 8.700000000]: Current theta is: 90.000000[0m
Current step: 0
Current step: 0
[0m[ INFO] [1376570360.883507701, 8.900000000]: Current x position is: 13.500000[0m
[0m[ INFO] [1376570360.883567366, 8.900000000]: Current y position is: 10.000000[0m
[0m[ INFO] [1376570360.883604925, 8.900000000]: Current theta is: 90.000000[0m
[0m[ INFO] [1376570360.883647733, 8.900000000]: Current x position is: 13.600000[0m
[0m[ INFO] [1376570360.883701869, 8.900000000]: Current y position is: 10.000000[0m
[0m[ INFO] [1376570360.883737657, 8.900000000]: Current theta is: 90.000000[0m
Current step: 0
[0m[ INFO] [1376570361.011987435, 9.000000000]: Current x position is: 13.700000[0m
[0m[ INFO] [1376570361.012045252, 9.000000000]: Current y position is: 10.000000[0m
[0m[ INFO] [1376570361.012082400, 9.000000000]: Current theta is: 90.000000[0m
Current step: 0
Current step: 0
[0m[ INFO] [1376570361.171033538, 9.200000000]: Current x position is: 13.800000[0m
[0m[ INFO] [1376570361.171092015, 9.200000000]: Current y position is: 10.000000[0m
[0m[ INFO] [1376570361.171129343, 9.200000000]: Current theta is: 90.000000[0m
[0m[ INFO] [1376570361.171171153, 9.200000000]: Current x position is: 13.900000[0m
[0m[ INFO] [1376570361.171206793, 9.200000000]: Current y position is: 10.000000[0m
[0m[ INFO] [1376570361.171275825, 9.200000000]: Current theta is: 90.000000[0m
Current step: 0
[0m[ INFO] [1376570361.313169286, 9.300000000]: Current x position is: 14.000000[0m
[0m[ INFO] [1376570361.313292471, 9.300000000]: Current y position is: 10.000000[0m
[0m[ INFO] [1376570361.313340721, 9.300000000]: Current theta is: 90.000000[0m
Current step: 0
Current step: 0
[0m[ INFO] [1376570361.481712631, 9.500000000]: Current x position is: 14.100000[0m
[0m[ INFO] [1376570361.481780125, 9.500000000]: Current y position is: 10.000000[0m
[0m[ INFO] [1376570361.481817246, 9.500000000]: Current theta is: 90.000000[0m
[0m[ INFO] [1376570361.481858754, 9.500000000]: Current x position is: 14.200000[0m
[0m[ INFO] [1376570361.481893738, 9.500000000]: Current y position is: 10.000000[0m
[0m[ INFO] [1376570361.481926912, 9.500000000]: Current theta is: 90.000000[0m
Current step: 0
[0m[ INFO] [1376570361.613529667, 9.600000000]: Current x position is: 14.300000[0m
[0m[ INFO] [1376570361.613600511, 9.600000000]: Current y position is: 10.000000[0m
[0m[ INFO] [1376570361.613638012, 9.600000000]: Current theta is: 90.000000[0m
Current step: 0
Current step: 0
[0m[ INFO] [1376570361.781487824, 9.800000000]: Current x position is: 14.400000[0m
[0m[ INFO] [1376570361.781552377, 9.800000000]: Current y position is: 10.000000[0m
[0m[ INFO] [1376570361.781591958, 9.800000000]: Current theta is: 90.000000[0m
[0m[ INFO] [1376570361.781637153, 9.800000000]: Current x position is: 14.500000[0m
[0m[ INFO] [1376570361.781674621, 9.800000000]: Current y position is: 10.000000[0m
[0m[ INFO] [1376570361.781709833, 9.800000000]: Current theta is: 90.000000[0m
Current step: 0
[0m[ INFO] [1376570361.913990032, 9.900000000]: Current x position is: 14.600000[0m
[0m[ INFO] [1376570361.914049623, 9.900000000]: Current y position is: 10.000000[0m
[0m[ INFO] [1376570361.914100797, 9.900000000]: Current theta is: 90.000000[0m
Current step: 0
Current step: 0
[0m[ INFO] [1376570362.082923986, 10.100000000]: Current x position is: 14.700000[0m
[0m[ INFO] [1376570362.082982919, 10.100000000]: Current y position is: 10.000000[0m
[0m[ INFO] [1376570362.083021202, 10.100000000]: Current theta is: 90.000000[0m
[0m[ INFO] [1376570362.083065085, 10.100000000]: Current x position is: 14.800000[0m
[0m[ INFO] [1376570362.083101734, 10.100000000]: Current y position is: 10.000000[0m
[0m[ INFO] [1376570362.083136533, 10.100000000]: Current theta is: 90.000000[0m
Current step: 0
[0m[ INFO] [1376570362.213006306, 10.200000000]: Current x position is: 14.900000[0m
[0m[ INFO] [1376570362.213064274, 10.200000000]: Current y position is: 10.000000[0m
[0m[ INFO] [1376570362.213101155, 10.200000000]: Current theta is: 90.000000[0m
Current step: 0
Current step: 0
[0m[ INFO] [1376570362.380524126, 10.400000000]: Current x position is: 15.000000[0m
[0m[ INFO] [1376570362.380583753, 10.400000000]: Current y position is: 10.000000[0m
[0m[ INFO] [1376570362.380622075, 10.400000000]: Current theta is: 90.000000[0m
[0m[ INFO] [1376570362.380665775, 10.400000000]: Current x position is: 15.100000[0m
[0m[ INFO] [1376570362.380702503, 10.400000000]: Current y position is: 10.000000[0m
[0m[ INFO] [1376570362.380737407, 10.400000000]: Current theta is: 90.000000[0m
Current step: 0
[0m[ INFO] [1376570362.513508385, 10.500000000]: Current x position is: 15.200000[0m
[0m[ INFO] [1376570362.513566128, 10.500000000]: Current y position is: 10.000000[0m
[0m[ INFO] [1376570362.513603158, 10.500000000]: Current theta is: 90.000000[0m
Current step: 0
Current step: 0
[0m[ INFO] [1376570362.682622566, 10.700000000]: Current x position is: 15.300000[0m
[0m[ INFO] [1376570362.682681011, 10.700000000]: Current y position is: 10.000000[0m
[0m[ INFO] [1376570362.682719337, 10.700000000]: Current theta is: 90.000000[0m
[0m[ INFO] [1376570362.682762906, 10.700000000]: Current x position is: 15.400000[0m
[0m[ INFO] [1376570362.682799712, 10.700000000]: Current y position is: 10.000000[0m
[0m[ INFO] [1376570362.682871715, 10.700000000]: Current theta is: 90.000000[0m
Current step: 0
[0m[ INFO] [1376570362.815969830, 10.800000000]: Current x position is: 15.500000[0m
[0m[ INFO] [1376570362.816027572, 10.800000000]: Current y position is: 10.000000[0m
[0m[ INFO] [1376570362.816064449, 10.800000000]: Current theta is: 90.000000[0m
Current step: 0
Current step: 0
[0m[ INFO] [1376570362.948656449, 11.000000000]: Current x position is: 15.600000[0m
[0m[ INFO] [1376570362.948718402, 11.000000000]: Current y position is: 10.000000[0m
[0m[ INFO] [1376570362.948756475, 11.000000000]: Current theta is: 90.000000[0m
[0m[ INFO] [1376570362.948800138, 11.000000000]: Current x position is: 15.700000[0m
[0m[ INFO] [1376570362.948836566, 11.000000000]: Current y position is: 10.000000[0m
[0m[ INFO] [1376570362.948871330, 11.000000000]: Current theta is: 90.000000[0m
Current step: 0
[0m[ INFO] [1376570363.088705363, 11.100000000]: Current x position is: 15.800000[0m
[0m[ INFO] [1376570363.088766575, 11.100000000]: Current y position is: 10.000000[0m
[0m[ INFO] [1376570363.088803781, 11.100000000]: Current theta is: 90.000000[0m
Current step: 0
[0m[ INFO] [1376570363.213686496, 11.200000000]: Current x position is: 15.900000[0m
[0m[ INFO] [1376570363.213743463, 11.200000000]: Current y position is: 10.000000[0m
[0m[ INFO] [1376570363.213779659, 11.200000000]: Current theta is: 90.000000[0m
Current step: 0
Current step: 0
[0m[ INFO] [1376570363.374063305, 11.400000000]: Current x position is: 16.000000[0m
[0m[ INFO] [1376570363.374121017, 11.400000000]: Current y position is: 10.000000[0m
[0m[ INFO] [1376570363.374158227, 11.400000000]: Current theta is: 90.000000[0m
[0m[ INFO] [1376570363.374200252, 11.400000000]: Current x position is: 16.100000[0m
[0m[ INFO] [1376570363.374235880, 11.400000000]: Current y position is: 10.000000[0m
[0m[ INFO] [1376570363.374269790, 11.400000000]: Current theta is: 90.000000[0m
Current step: 0
[0m[ INFO] [1376570363.501282626, 11.500000000]: Current x position is: 16.200000[0m
[0m[ INFO] [1376570363.501342154, 11.500000000]: Current y position is: 10.000000[0m
[0m[ INFO] [1376570363.501380021, 11.500000000]: Current theta is: 90.000000[0m
Current step: 0
Current step: 0
[0m[ INFO] [1376570363.659435763, 11.700000000]: Current x position is: 16.300000[0m
[0m[ INFO] [1376570363.659503977, 11.700000000]: Current y position is: 10.000000[0m
[0m[ INFO] [1376570363.659541490, 11.700000000]: Current theta is: 90.000000[0m
[0m[ INFO] [1376570363.659583132, 11.700000000]: Current x position is: 16.400000[0m
[0m[ INFO] [1376570363.659618401, 11.700000000]: Current y position is: 10.000000[0m
[0m[ INFO] [1376570363.659651791, 11.700000000]: Current theta is: 90.000000[0m
Current step: 0
[0m[ INFO] [1376570363.816296367, 11.800000000]: Current x position is: 16.500000[0m
[0m[ INFO] [1376570363.816353861, 11.800000000]: Current y position is: 10.000000[0m
[0m[ INFO] [1376570363.816391009, 11.800000000]: Current theta is: 90.000000[0m
Current step: 0
Current step: 0
[0m[ INFO] [1376570363.982411120, 12.000000000]: Current x position is: 16.600000[0m
[0m[ INFO] [1376570363.982469086, 12.000000000]: Current y position is: 10.000000[0m
[0m[ INFO] [1376570363.982514531, 12.000000000]: Current theta is: 90.000000[0m
[0m[ INFO] [1376570363.982560214, 12.000000000]: Current x position is: 16.700000[0m
[0m[ INFO] [1376570363.982596027, 12.000000000]: Current y position is: 10.000000[0m
[0m[ INFO] [1376570363.982629824, 12.000000000]: Current theta is: 90.000000[0m
Current step: 0
[0m[ INFO] [1376570364.115152396, 12.100000000]: Current x position is: 16.800000[0m
[0m[ INFO] [1376570364.115212542, 12.100000000]: Current y position is: 10.000000[0m
[0m[ INFO] [1376570364.115249518, 12.100000000]: Current theta is: 90.000000[0m
Current step: 0
Current step: 0
[0m[ INFO] [1376570364.281226263, 12.300000000]: Current x position is: 16.900000[0m
[0m[ INFO] [1376570364.281283966, 12.300000000]: Current y position is: 10.000000[0m
[0m[ INFO] [1376570364.281345296, 12.300000000]: Current theta is: 90.000000[0m
[0m[ INFO] [1376570364.281388388, 12.300000000]: Current x position is: 17.000000[0m
[0m[ INFO] [1376570364.281462842, 12.300000000]: Current y position is: 10.000000[0m
[0m[ INFO] [1376570364.281539801, 12.300000000]: Current theta is: 90.000000[0m
Current step: 0
[0m[ INFO] [1376570364.414256799, 12.400000000]: Current x position is: 17.100000[0m
[0m[ INFO] [1376570364.414317029, 12.400000000]: Current y position is: 10.000000[0m
[0m[ INFO] [1376570364.414355066, 12.400000000]: Current theta is: 90.000000[0m
Current step: 0
Current step: 0
[0m[ INFO] [1376570364.582316526, 12.600000000]: Current x position is: 17.200000[0m
[0m[ INFO] [1376570364.582373092, 12.600000000]: Current y position is: 10.000000[0m
[0m[ INFO] [1376570364.582409358, 12.600000000]: Current theta is: 90.000000[0m
[0m[ INFO] [1376570364.582451342, 12.600000000]: Current x position is: 17.300000[0m
[0m[ INFO] [1376570364.582486454, 12.600000000]: Current y position is: 10.000000[0m
[0m[ INFO] [1376570364.582520175, 12.600000000]: Current theta is: 90.000000[0m
Current step: 0
[0m[ INFO] [1376570364.714887443, 12.700000000]: Current x position is: 17.400000[0m
[0m[ INFO] [1376570364.714945120, 12.700000000]: Current y position is: 10.000000[0m
[0m[ INFO] [1376570364.714981751, 12.700000000]: Current theta is: 90.000000[0m
Current step: 0
Current step: 0
[0m[ INFO] [1376570364.883912138, 12.900000000]: Current x position is: 17.500000[0m
[0m[ INFO] [1376570364.883970866, 12.900000000]: Current y position is: 10.000000[0m
[0m[ INFO] [1376570364.884008452, 12.900000000]: Current theta is: 90.000000[0m
[0m[ INFO] [1376570364.884051151, 12.900000000]: Current x position is: 17.600000[0m
[0m[ INFO] [1376570364.884104835, 12.900000000]: Current y position is: 10.000000[0m
[0m[ INFO] [1376570364.884143883, 12.900000000]: Current theta is: 90.000000[0m
Current step: 0
[0m[ INFO] [1376570365.015462847, 13.000000000]: Current x position is: 17.700000[0m
[0m[ INFO] [1376570365.015522882, 13.000000000]: Current y position is: 10.000000[0m
[0m[ INFO] [1376570365.015560830, 13.000000000]: Current theta is: 90.000000[0m
Current step: 0
Current step: 0
[0m[ INFO] [1376570365.182229304, 13.200000000]: Current x position is: 17.800000[0m
[0m[ INFO] [1376570365.182288724, 13.200000000]: Current y position is: 10.000000[0m
[0m[ INFO] [1376570365.182326407, 13.200000000]: Current theta is: 90.000000[0m
[0m[ INFO] [1376570365.182369428, 13.200000000]: Current x position is: 17.900000[0m
[0m[ INFO] [1376570365.182405598, 13.200000000]: Current y position is: 10.000000[0m
[0m[ INFO] [1376570365.182440139, 13.200000000]: Current theta is: 90.000000[0m
Current step: 0
[0m[ INFO] [1376570365.317456862, 13.300000000]: Current x position is: 18.000000[0m
[0m[ INFO] [1376570365.317527385, 13.300000000]: Current y position is: 10.000000[0m
[0m[ INFO] [1376570365.317577774, 13.300000000]: Current theta is: 90.000000[0m
Current step: 0
Current step: 0
[0m[ INFO] [1376570365.452345254, 13.500000000]: Current x position is: 18.100000[0m
[0m[ INFO] [1376570365.452403376, 13.500000000]: Current y position is: 10.000000[0m
[0m[ INFO] [1376570365.452440782, 13.500000000]: Current theta is: 90.000000[0m
[0m[ INFO] [1376570365.452482980, 13.500000000]: Current x position is: 18.200000[0m
[0m[ INFO] [1376570365.452518710, 13.500000000]: Current y position is: 10.000000[0m
[0m[ INFO] [1376570365.452552367, 13.500000000]: Current theta is: 90.000000[0m
Current step: 0
[0m[ INFO] [1376570365.584908457, 13.600000000]: Current x position is: 18.300000[0m
[0m[ INFO] [1376570365.584967711, 13.600000000]: Current y position is: 10.000000[0m
[0m[ INFO] [1376570365.585005842, 13.600000000]: Current theta is: 90.000000[0m
Current step: 0
[0m[ INFO] [1376570365.709349962, 13.700000000]: Current x position is: 18.400000[0m
[0m[ INFO] [1376570365.709407759, 13.700000000]: Current y position is: 10.000000[0m
[0m[ INFO] [1376570365.709443753, 13.700000000]: Current theta is: 90.000000[0m
Current step: 0
Current step: 0
[0m[ INFO] [1376570365.873457249, 13.900000000]: Current x position is: 18.500000[0m
[0m[ INFO] [1376570365.873515043, 13.900000000]: Current y position is: 10.000000[0m
[0m[ INFO] [1376570365.873551843, 13.900000000]: Current theta is: 90.000000[0m
[0m[ INFO] [1376570365.873594391, 13.900000000]: Current x position is: 18.600000[0m
[0m[ INFO] [1376570365.873629765, 13.900000000]: Current y position is: 10.000000[0m
[0m[ INFO] [1376570365.873663106, 13.900000000]: Current theta is: 90.000000[0m
Current step: 0
[0m[ INFO] [1376570366.015062005, 14.000000000]: Current x position is: 18.700000[0m
[0m[ INFO] [1376570366.015121021, 14.000000000]: Current y position is: 10.000000[0m
[0m[ INFO] [1376570366.015158139, 14.000000000]: Current theta is: 90.000000[0m
Current step: 0
Current step: 0
[0m[ INFO] [1376570366.181334416, 14.200000000]: Current x position is: 18.800000[0m
[0m[ INFO] [1376570366.181393008, 14.200000000]: Current y position is: 10.000000[0m
[0m[ INFO] [1376570366.181430103, 14.200000000]: Current theta is: 90.000000[0m
[0m[ INFO] [1376570366.181472572, 14.200000000]: Current x position is: 18.900000[0m
[0m[ INFO] [1376570366.181508183, 14.200000000]: Current y position is: 10.000000[0m
[0m[ INFO] [1376570366.181541924, 14.200000000]: Current theta is: 90.000000[0m
Current step: 0
[0m[ INFO] [1376570366.315830015, 14.300000000]: Current x position is: 19.000000[0m
[0m[ INFO] [1376570366.315888976, 14.300000000]: Current y position is: 10.000000[0m
[0m[ INFO] [1376570366.315927210, 14.300000000]: Current theta is: 90.000000[0m
Current step: 0
Current step: 0
[0m[ INFO] [1376570366.482957917, 14.500000000]: Current x position is: 19.100000[0m
[0m[ INFO] [1376570366.483017449, 14.500000000]: Current y position is: 10.000000[0m
[0m[ INFO] [1376570366.483055017, 14.500000000]: Current theta is: 90.000000[0m
[0m[ INFO] [1376570366.483097892, 14.500000000]: Current x position is: 19.200000[0m
[0m[ INFO] [1376570366.483133649, 14.500000000]: Current y position is: 10.000000[0m
[0m[ INFO] [1376570366.483167854, 14.500000000]: Current theta is: 90.000000[0m
Current step: 0
[0m[ INFO] [1376570366.617382693, 14.600000000]: Current x position is: 19.300000[0m
[0m[ INFO] [1376570366.617441901, 14.600000000]: Current y position is: 10.000000[0m
[0m[ INFO] [1376570366.617479485, 14.600000000]: Current theta is: 90.000000[0m
Current step: 0
Current step: 0
[0m[ INFO] [1376570366.784401553, 14.800000000]: Current x position is: 19.400000[0m
[0m[ INFO] [1376570366.784460605, 14.800000000]: Current y position is: 10.000000[0m
[0m[ INFO] [1376570366.784498045, 14.800000000]: Current theta is: 90.000000[0m
[0m[ INFO] [1376570366.784540999, 14.800000000]: Current x position is: 19.500000[0m
[0m[ INFO] [1376570366.784577426, 14.800000000]: Current y position is: 10.000000[0m
[0m[ INFO] [1376570366.784611849, 14.800000000]: Current theta is: 90.000000[0m
Current step: 0
[0m[ INFO] [1376570366.917566798, 14.900000000]: Current x position is: 19.600000[0m
[0m[ INFO] [1376570366.917626806, 14.900000000]: Current y position is: 10.000000[0m
[0m[ INFO] [1376570366.917664314, 14.900000000]: Current theta is: 90.000000[0m
Current step: 0
Current step: 0
[0m[ INFO] [1376570367.084522459, 15.100000000]: Current x position is: 19.700000[0m
[0m[ INFO] [1376570367.084581399, 15.100000000]: Current y position is: 10.000000[0m
[0m[ INFO] [1376570367.084619438, 15.100000000]: Current theta is: 90.000000[0m
[0m[ INFO] [1376570367.084663620, 15.100000000]: Current x position is: 19.800000[0m
[0m[ INFO] [1376570367.084700326, 15.100000000]: Current y position is: 10.000000[0m
[0m[ INFO] [1376570367.084735474, 15.100000000]: Current theta is: 90.000000[0m
Current step: 0
[0m[ INFO] [1376570367.214660211, 15.200000000]: Current x position is: 19.900000[0m
[0m[ INFO] [1376570367.214718802, 15.200000000]: Current y position is: 10.000000[0m
[0m[ INFO] [1376570367.214756296, 15.200000000]: Current theta is: 90.000000[0m
Current step: 0
Current step: 0
[0m[ INFO] [1376570367.383485053, 15.400000000]: Current x position is: 20.000000[0m
[0m[ INFO] [1376570367.383544744, 15.400000000]: Current y position is: 10.000000[0m
[0m[ INFO] [1376570367.383582766, 15.400000000]: Current theta is: 90.000000[0m
[0m[ INFO] [1376570367.383625786, 15.400000000]: Current x position is: 20.100000[0m
[0m[ INFO] [1376570367.383662071, 15.400000000]: Current y position is: 10.000000[0m
[0m[ INFO] [1376570367.383696758, 15.400000000]: Current theta is: 90.000000[0m
Current step: 0
[0m[ INFO] [1376570367.514630181, 15.500000000]: Current x position is: 20.200000[0m
[0m[ INFO] [1376570367.514689345, 15.500000000]: Current y position is: 10.000000[0m
[0m[ INFO] [1376570367.514726122, 15.500000000]: Current theta is: 90.000000[0m
Current step: 0
Current step: 0
[0m[ INFO] [1376570367.682581106, 15.700000000]: Current x position is: 20.300000[0m
[0m[ INFO] [1376570367.682639779, 15.700000000]: Current y position is: 10.000000[0m
[0m[ INFO] [1376570367.682677458, 15.700000000]: Current theta is: 90.000000[0m
[0m[ INFO] [1376570367.682720730, 15.700000000]: Current x position is: 20.400000[0m
[0m[ INFO] [1376570367.682757156, 15.700000000]: Current y position is: 10.000000[0m
[0m[ INFO] [1376570367.682791634, 15.700000000]: Current theta is: 90.000000[0m
Current step: 0
[0m[ INFO] [1376570367.815270636, 15.800000000]: Current x position is: 20.500000[0m
[0m[ INFO] [1376570367.815330340, 15.800000000]: Current y position is: 10.000000[0m
[0m[ INFO] [1376570367.815381312, 15.800000000]: Current theta is: 90.000000[0m
Current step: 0
Current step: 0
[0m[ INFO] [1376570367.984687299, 16.000000000]: Current x position is: 20.600000[0m
[0m[ INFO] [1376570367.984747892, 16.000000000]: Current y position is: 10.000000[0m
[0m[ INFO] [1376570367.984785967, 16.000000000]: Current theta is: 90.000000[0m
[0m[ INFO] [1376570367.984828950, 16.000000000]: Current x position is: 20.700000[0m
[0m[ INFO] [1376570367.984865051, 16.000000000]: Current y position is: 10.000000[0m
[0m[ INFO] [1376570367.984899333, 16.000000000]: Current theta is: 90.000000[0m
Current step: 0
[0m[ INFO] [1376570368.116050481, 16.100000000]: Current x position is: 20.800000[0m
[0m[ INFO] [1376570368.116110374, 16.100000000]: Current y position is: 10.000000[0m
[0m[ INFO] [1376570368.116148063, 16.100000000]: Current theta is: 90.000000[0m
Current step: 0
Current step: 0
[0m[ INFO] [1376570368.285720705, 16.300000000]: Current x position is: 20.900000[0m
[0m[ INFO] [1376570368.285780589, 16.300000000]: Current y position is: 10.000000[0m
[0m[ INFO] [1376570368.285818527, 16.300000000]: Current theta is: 90.000000[0m
[0m[ INFO] [1376570368.285862608, 16.300000000]: Current x position is: 21.000000[0m
[0m[ INFO] [1376570368.285898852, 16.300000000]: Current y position is: 10.000000[0m
[0m[ INFO] [1376570368.285933118, 16.300000000]: Current theta is: 90.000000[0m
Current step: 0
[0m[ INFO] [1376570368.415566698, 16.400000000]: Current x position is: 21.100000[0m
[0m[ INFO] [1376570368.415624705, 16.400000000]: Current y position is: 10.000000[0m
[0m[ INFO] [1376570368.415661002, 16.400000000]: Current theta is: 90.000000[0m
Current step: 0
Current step: 0
[0m[ INFO] [1376570368.581300318, 16.600000000]: Current x position is: 21.200000[0m
[0m[ INFO] [1376570368.581358126, 16.600000000]: Current y position is: 10.000000[0m
[0m[ INFO] [1376570368.581394924, 16.600000000]: Current theta is: 90.000000[0m
[0m[ INFO] [1376570368.581436628, 16.600000000]: Current x position is: 21.300000[0m
[0m[ INFO] [1376570368.581485223, 16.600000000]: Current y position is: 10.000000[0m
[0m[ INFO] [1376570368.581522635, 16.600000000]: Current theta is: 90.000000[0m
Current step: 0
[0m[ INFO] [1376570368.716180859, 16.700000000]: Current x position is: 21.400000[0m
[0m[ INFO] [1376570368.716238835, 16.700000000]: Current y position is: 10.000000[0m
[0m[ INFO] [1376570368.716275082, 16.700000000]: Current theta is: 90.000000[0m
Current step: 0
Current step: 0
[0m[ INFO] [1376570368.885232132, 16.900000000]: Current x position is: 21.500000[0m
[0m[ INFO] [1376570368.885290697, 16.900000000]: Current y position is: 10.000000[0m
[0m[ INFO] [1376570368.885328052, 16.900000000]: Current theta is: 90.000000[0m
[0m[ INFO] [1376570368.885370816, 16.900000000]: Current x position is: 21.600000[0m
[0m[ INFO] [1376570368.885406608, 16.900000000]: Current y position is: 10.000000[0m
[0m[ INFO] [1376570368.885440571, 16.900000000]: Current theta is: 90.000000[0m
Current step: 0
[0m[ INFO] [1376570369.016871315, 17.000000000]: Current x position is: 21.700000[0m
[0m[ INFO] [1376570369.016931019, 17.000000000]: Current y position is: 10.000000[0m
[0m[ INFO] [1376570369.016968119, 17.000000000]: Current theta is: 90.000000[0m
Current step: 0
Current step: 0
[0m[ INFO] [1376570369.182418483, 17.200000000]: Current x position is: 21.800000[0m
[0m[ INFO] [1376570369.182476427, 17.200000000]: Current y position is: 10.000000[0m
[0m[ INFO] [1376570369.182513590, 17.200000000]: Current theta is: 90.000000[0m
[0m[ INFO] [1376570369.182563868, 17.200000000]: Current x position is: 21.900000[0m
[0m[ INFO] [1376570369.182602436, 17.200000000]: Current y position is: 10.000000[0m
[0m[ INFO] [1376570369.182636299, 17.200000000]: Current theta is: 90.000000[0m
Current step: 0
[0m[ INFO] [1376570369.314856672, 17.300000000]: Current x position is: 22.000000[0m
[0m[ INFO] [1376570369.314914272, 17.300000000]: Current y position is: 10.000000[0m
[0m[ INFO] [1376570369.314950829, 17.300000000]: Current theta is: 90.000000[0m
Current step: 0
Current step: 0
[0m[ INFO] [1376570369.482680706, 17.500000000]: Current x position is: 22.100000[0m
[0m[ INFO] [1376570369.482739123, 17.500000000]: Current y position is: 10.000000[0m
[0m[ INFO] [1376570369.482777046, 17.500000000]: Current theta is: 90.000000[0m
[0m[ INFO] [1376570369.482820898, 17.500000000]: Current x position is: 22.200000[0m
[0m[ INFO] [1376570369.482857485, 17.500000000]: Current y position is: 10.000000[0m
[0m[ INFO] [1376570369.482892245, 17.500000000]: Current theta is: 90.000000[0m
Current step: 0
[0m[ INFO] [1376570369.615193372, 17.600000000]: Current x position is: 22.300000[0m
[0m[ INFO] [1376570369.615251491, 17.600000000]: Current y position is: 10.000000[0m
[0m[ INFO] [1376570369.615288202, 17.600000000]: Current theta is: 90.000000[0m
Current step: 0
Current step: 0
[0m[ INFO] [1376570369.782660060, 17.800000000]: Current x position is: 22.400000[0m
[0m[ INFO] [1376570369.782721621, 17.800000000]: Current y position is: 10.000000[0m
[0m[ INFO] [1376570369.782760201, 17.800000000]: Current theta is: 90.000000[0m
[0m[ INFO] [1376570369.782803684, 17.800000000]: Current x position is: 22.500000[0m
[0m[ INFO] [1376570369.782840496, 17.800000000]: Current y position is: 10.000000[0m
[0m[ INFO] [1376570369.782875564, 17.800000000]: Current theta is: 90.000000[0m
Current step: 0
[0m[ INFO] [1376570369.936256697, 17.900000000]: Current x position is: 22.600000[0m
[0m[ INFO] [1376570369.936316463, 17.900000000]: Current y position is: 10.000000[0m
[0m[ INFO] [1376570369.936353671, 17.900000000]: Current theta is: 90.000000[0m
Current step: 0
Current step: 0
[0m[ INFO] [1376570370.111216906, 18.100000000]: Current x position is: 22.700000[0m
[0m[ INFO] [1376570370.111276395, 18.100000000]: Current y position is: 10.000000[0m
[0m[ INFO] [1376570370.111314042, 18.100000000]: Current theta is: 90.000000[0m
[0m[ INFO] [1376570370.111357532, 18.100000000]: Current x position is: 22.800000[0m
[0m[ INFO] [1376570370.111393737, 18.100000000]: Current y position is: 10.000000[0m
[0m[ INFO] [1376570370.111428263, 18.100000000]: Current theta is: 90.000000[0m
Current step: 0
Current step: 0
[0m[ INFO] [1376570370.277408926, 18.300000000]: Current x position is: 22.900000[0m
[0m[ INFO] [1376570370.277468432, 18.300000000]: Current y position is: 10.000000[0m
[0m[ INFO] [1376570370.277506281, 18.300000000]: Current theta is: 90.000000[0m
[0m[ INFO] [1376570370.277573741, 18.300000000]: Current x position is: 23.000000[0m
[0m[ INFO] [1376570370.277610177, 18.300000000]: Current y position is: 10.000000[0m
[0m[ INFO] [1376570370.277644561, 18.300000000]: Current theta is: 90.000000[0m
Current step: 0
[0m[ INFO] [1376570370.416345740, 18.400000000]: Current x position is: 23.100000[0m
[0m[ INFO] [1376570370.416404618, 18.400000000]: Current y position is: 10.000000[0m
[0m[ INFO] [1376570370.416441444, 18.400000000]: Current theta is: 90.000000[0m
Current step: 0
Current step: 0
[0m[ INFO] [1376570370.583913806, 18.600000000]: Current x position is: 23.200000[0m
[0m[ INFO] [1376570370.583971701, 18.600000000]: Current y position is: 10.000000[0m
[0m[ INFO] [1376570370.584008417, 18.600000000]: Current theta is: 90.000000[0m
[0m[ INFO] [1376570370.584050871, 18.600000000]: Current x position is: 23.300000[0m
[0m[ INFO] [1376570370.584086668, 18.600000000]: Current y position is: 10.000000[0m
[0m[ INFO] [1376570370.584129649, 18.600000000]: Current theta is: 90.000000[0m
Current step: 0
[0m[ INFO] [1376570370.715013973, 18.700000000]: Current x position is: 23.400000[0m
[0m[ INFO] [1376570370.715072245, 18.700000000]: Current y position is: 10.000000[0m
[0m[ INFO] [1376570370.715108973, 18.700000000]: Current theta is: 90.000000[0m
Current step: 0
Current step: 0
[0m[ INFO] [1376570370.884510248, 18.900000000]: Current x position is: 23.500000[0m
[0m[ INFO] [1376570370.884568962, 18.900000000]: Current y position is: 10.000000[0m
[0m[ INFO] [1376570370.884606875, 18.900000000]: Current theta is: 90.000000[0m
[0m[ INFO] [1376570370.884649926, 18.900000000]: Current x position is: 23.600000[0m
[0m[ INFO] [1376570370.884709224, 18.900000000]: Current y position is: 10.000000[0m
[0m[ INFO] [1376570370.884745461, 18.900000000]: Current theta is: 90.000000[0m
Current step: 0
[0m[ INFO] [1376570371.020756824, 19.000000000]: Current x position is: 23.700000[0m
[0m[ INFO] [1376570371.020816105, 19.000000000]: Current y position is: 10.000000[0m
[0m[ INFO] [1376570371.020853003, 19.000000000]: Current theta is: 90.000000[0m
Current step: 0
Current step: 0
[0m[ INFO] [1376570371.188021939, 19.200000000]: Current x position is: 23.800000[0m
[0m[ INFO] [1376570371.188080842, 19.200000000]: Current y position is: 10.000000[0m
[0m[ INFO] [1376570371.188118622, 19.200000000]: Current theta is: 90.000000[0m
[0m[ INFO] [1376570371.188161807, 19.200000000]: Current x position is: 23.900000[0m
[0m[ INFO] [1376570371.188208119, 19.200000000]: Current y position is: 10.000000[0m
[0m[ INFO] [1376570371.188246009, 19.200000000]: Current theta is: 90.000000[0m
Current step: 0
[0m[ INFO] [1376570371.315819749, 19.300000000]: Current x position is: 24.000000[0m
[0m[ INFO] [1376570371.315878154, 19.300000000]: Current y position is: 10.000000[0m
[0m[ INFO] [1376570371.315915874, 19.300000000]: Current theta is: 90.000000[0m
Current step: 0
Current step: 0
[0m[ INFO] [1376570371.477405831, 19.500000000]: Current x position is: 24.100000[0m
[0m[ INFO] [1376570371.477465244, 19.500000000]: Current y position is: 10.000000[0m
[0m[ INFO] [1376570371.477503435, 19.500000000]: Current theta is: 90.000000[0m
[0m[ INFO] [1376570371.477546922, 19.500000000]: Current x position is: 24.200000[0m
[0m[ INFO] [1376570371.477583769, 19.500000000]: Current y position is: 10.000000[0m
[0m[ INFO] [1376570371.477618644, 19.500000000]: Current theta is: 90.000000[0m
Current step: 0
[0m[ INFO] [1376570371.616470840, 19.600000000]: Current x position is: 24.300000[0m
[0m[ INFO] [1376570371.616530058, 19.600000000]: Current y position is: 10.000000[0m
[0m[ INFO] [1376570371.616567296, 19.600000000]: Current theta is: 90.000000[0m
Current step: 0
Current step: 0
[0m[ INFO] [1376570371.784526722, 19.800000000]: Current x position is: 24.400000[0m
[0m[ INFO] [1376570371.784585018, 19.800000000]: Current y position is: 10.000000[0m
[0m[ INFO] [1376570371.784622827, 19.800000000]: Current theta is: 90.000000[0m
[0m[ INFO] [1376570371.784691106, 19.800000000]: Current x position is: 24.500000[0m
[0m[ INFO] [1376570371.784727998, 19.800000000]: Current y position is: 10.000000[0m
[0m[ INFO] [1376570371.784785896, 19.800000000]: Current theta is: 90.000000[0m
Current step: 0
[0m[ INFO] [1376570371.916554339, 19.900000000]: Current x position is: 24.600000[0m
[0m[ INFO] [1376570371.916614152, 19.900000000]: Current y position is: 10.000000[0m
[0m[ INFO] [1376570371.916652326, 19.900000000]: Current theta is: 90.000000[0m
Current step: 0
Current step: 0
[0m[ INFO] [1376570372.057600406, 20.100000000]: Current x position is: 24.700000[0m
[0m[ INFO] [1376570372.057660887, 20.100000000]: Current y position is: 10.000000[0m
[0m[ INFO] [1376570372.057697952, 20.100000000]: Current theta is: 90.000000[0m
[0m[ INFO] [1376570372.057739971, 20.100000000]: Current x position is: 24.800000[0m
[0m[ INFO] [1376570372.057853779, 20.100000000]: Current y position is: 10.000000[0m
[0m[ INFO] [1376570372.057912913, 20.100000000]: Current theta is: 90.000000[0m
Current step: 0
[0m[ INFO] [1376570372.213120387, 20.200000000]: Current x position is: 24.900000[0m
[0m[ INFO] [1376570372.213180355, 20.200000000]: Current y position is: 10.000000[0m
[0m[ INFO] [1376570372.213217940, 20.200000000]: Current theta is: 90.000000[0m
Current step: 0
Current step: 0
[0m[ INFO] [1376570372.383692223, 20.400000000]: Current x position is: 25.000000[0m
[0m[ INFO] [1376570372.383750902, 20.400000000]: Current y position is: 10.000000[0m
[0m[ INFO] [1376570372.383787740, 20.400000000]: Current theta is: 90.000000[0m
[0m[ INFO] [1376570372.383858287, 20.400000000]: Current x position is: 25.100000[0m
[0m[ INFO] [1376570372.383897105, 20.400000000]: Current y position is: 10.000000[0m
[0m[ INFO] [1376570372.383931390, 20.400000000]: Current theta is: 90.000000[0m
Current step: 0
[0m[ INFO] [1376570372.515566925, 20.500000000]: Current x position is: 25.200000[0m
[0m[ INFO] [1376570372.515624327, 20.500000000]: Current y position is: 10.000000[0m
[0m[ INFO] [1376570372.515660857, 20.500000000]: Current theta is: 90.000000[0m
Current step: 0
Current step: 0
[0m[ INFO] [1376570372.684933064, 20.700000000]: Current x position is: 25.300000[0m
[0m[ INFO] [1376570372.684990846, 20.700000000]: Current y position is: 10.000000[0m
[0m[ INFO] [1376570372.685027649, 20.700000000]: Current theta is: 90.000000[0m
[0m[ INFO] [1376570372.685069485, 20.700000000]: Current x position is: 25.400000[0m
[0m[ INFO] [1376570372.685104857, 20.700000000]: Current y position is: 10.000000[0m
[0m[ INFO] [1376570372.685138236, 20.700000000]: Current theta is: 90.000000[0m
Current step: 0
[0m[ INFO] [1376570372.813164338, 20.800000000]: Current x position is: 25.500000[0m
[0m[ INFO] [1376570372.813222804, 20.800000000]: Current y position is: 10.000000[0m
[0m[ INFO] [1376570372.813260266, 20.800000000]: Current theta is: 90.000000[0m
Current step: 0
Current step: 0
[0m[ INFO] [1376570372.975147207, 21.000000000]: Current x position is: 25.600000[0m
[0m[ INFO] [1376570372.975207132, 21.000000000]: Current y position is: 10.000000[0m
[0m[ INFO] [1376570372.975244479, 21.000000000]: Current theta is: 90.000000[0m
[0m[ INFO] [1376570372.975321504, 21.000000000]: Current x position is: 25.700000[0m
[0m[ INFO] [1376570372.975431469, 21.000000000]: Current y position is: 10.000000[0m
[0m[ INFO] [1376570372.975477976, 21.000000000]: Current theta is: 90.000000[0m
Current step: 0
[0m[ INFO] [1376570373.115659564, 21.100000000]: Current x position is: 25.800000[0m
[0m[ INFO] [1376570373.115718628, 21.100000000]: Current y position is: 10.000000[0m
[0m[ INFO] [1376570373.115756027, 21.100000000]: Current theta is: 90.000000[0m
Current step: 0
Current step: 0
[0m[ INFO] [1376570373.283620278, 21.300000000]: Current x position is: 25.900000[0m
[0m[ INFO] [1376570373.283678954, 21.300000000]: Current y position is: 10.000000[0m
[0m[ INFO] [1376570373.283716712, 21.300000000]: Current theta is: 90.000000[0m
[0m[ INFO] [1376570373.283784827, 21.300000000]: Current x position is: 26.000000[0m
[0m[ INFO] [1376570373.283821635, 21.300000000]: Current y position is: 10.000000[0m
[0m[ INFO] [1376570373.283856648, 21.300000000]: Current theta is: 90.000000[0m
Current step: 0
[0m[ INFO] [1376570373.412775585, 21.400000000]: Current x position is: 26.100000[0m
[0m[ INFO] [1376570373.412833458, 21.400000000]: Current y position is: 10.000000[0m
[0m[ INFO] [1376570373.412869918, 21.400000000]: Current theta is: 90.000000[0m
Current step: 0
Current step: 0
[0m[ INFO] [1376570373.569623564, 21.600000000]: Current x position is: 26.200000[0m
[0m[ INFO] [1376570373.569681170, 21.600000000]: Current y position is: 10.000000[0m
[0m[ INFO] [1376570373.569717444, 21.600000000]: Current theta is: 90.000000[0m
[0m[ INFO] [1376570373.569759061, 21.600000000]: Current x position is: 26.300000[0m
[0m[ INFO] [1376570373.569794305, 21.600000000]: Current y position is: 10.000000[0m
[0m[ INFO] [1376570373.569827537, 21.600000000]: Current theta is: 90.000000[0m
Current step: 0
[0m[ INFO] [1376570373.712172244, 21.700000000]: Current x position is: 26.400000[0m
[0m[ INFO] [1376570373.712229916, 21.700000000]: Current y position is: 10.000000[0m
[0m[ INFO] [1376570373.712266312, 21.700000000]: Current theta is: 90.000000[0m
Current step: 0
Current step: 0
[0m[ INFO] [1376570373.882154195, 21.900000000]: Current x position is: 26.500000[0m
[0m[ INFO] [1376570373.882212017, 21.900000000]: Current y position is: 10.000000[0m
[0m[ INFO] [1376570373.882249211, 21.900000000]: Current theta is: 90.000000[0m
[0m[ INFO] [1376570373.882291148, 21.900000000]: Current x position is: 26.600000[0m
[0m[ INFO] [1376570373.882326503, 21.900000000]: Current y position is: 10.000000[0m
[0m[ INFO] [1376570373.882360108, 21.900000000]: Current theta is: 90.000000[0m
Current step: 0
[0m[ INFO] [1376570374.015181117, 22.000000000]: Current x position is: 26.700000[0m
[0m[ INFO] [1376570374.015242363, 22.000000000]: Current y position is: 10.000000[0m
[0m[ INFO] [1376570374.015280066, 22.000000000]: Current theta is: 90.000000[0m
Current step: 0
Current step: 0
[0m[ INFO] [1376570374.181224804, 22.200000000]: Current x position is: 26.800000[0m
[0m[ INFO] [1376570374.181281613, 22.200000000]: Current y position is: 10.000000[0m
[0m[ INFO] [1376570374.181318542, 22.200000000]: Current theta is: 90.000000[0m
[0m[ INFO] [1376570374.181360404, 22.200000000]: Current x position is: 26.900000[0m
[0m[ INFO] [1376570374.181395677, 22.200000000]: Current y position is: 10.000000[0m
[0m[ INFO] [1376570374.181429332, 22.200000000]: Current theta is: 90.000000[0m
Current step: 0
[0m[ INFO] [1376570374.311751352, 22.300000000]: Current x position is: 27.000000[0m
[0m[ INFO] [1376570374.311807846, 22.300000000]: Current y position is: 10.000000[0m
[0m[ INFO] [1376570374.311844284, 22.300000000]: Current theta is: 90.000000[0m
Current step: 0
Current step: 0
[0m[ INFO] [1376570374.480718082, 22.500000000]: Current x position is: 27.100000[0m
[0m[ INFO] [1376570374.480774861, 22.500000000]: Current y position is: 10.000000[0m
[0m[ INFO] [1376570374.480811610, 22.500000000]: Current theta is: 90.000000[0m
[0m[ INFO] [1376570374.480852917, 22.500000000]: Current x position is: 27.200000[0m
[0m[ INFO] [1376570374.480888110, 22.500000000]: Current y position is: 10.000000[0m
[0m[ INFO] [1376570374.480921680, 22.500000000]: Current theta is: 90.000000[0m
Current step: 0
[0m[ INFO] [1376570374.612141146, 22.600000000]: Current x position is: 27.300000[0m
[0m[ INFO] [1376570374.612198816, 22.600000000]: Current y position is: 10.000000[0m
[0m[ INFO] [1376570374.612235546, 22.600000000]: Current theta is: 90.000000[0m
Current step: 0
Current step: 0
[0m[ INFO] [1376570374.780825118, 22.800000000]: Current x position is: 27.400000[0m
[0m[ INFO] [1376570374.780882103, 22.800000000]: Current y position is: 10.000000[0m
[0m[ INFO] [1376570374.780919010, 22.800000000]: Current theta is: 90.000000[0m
[0m[ INFO] [1376570374.780961227, 22.800000000]: Current x position is: 27.500000[0m
[0m[ INFO] [1376570374.781019688, 22.800000000]: Current y position is: 10.000000[0m
[0m[ INFO] [1376570374.781054085, 22.800000000]: Current theta is: 90.000000[0m
Current step: 0
[0m[ INFO] [1376570374.914686785, 22.900000000]: Current x position is: 27.600000[0m
[0m[ INFO] [1376570374.914744338, 22.900000000]: Current y position is: 10.000000[0m
[0m[ INFO] [1376570374.914780973, 22.900000000]: Current theta is: 90.000000[0m
Current step: 0
Current step: 0
[0m[ INFO] [1376570375.053928637, 23.100000000]: Current x position is: 27.700000[0m
[0m[ INFO] [1376570375.053988022, 23.100000000]: Current y position is: 10.000000[0m
[0m[ INFO] [1376570375.054026846, 23.100000000]: Current theta is: 90.000000[0m
[0m[ INFO] [1376570375.054070470, 23.100000000]: Current x position is: 27.800000[0m
[0m[ INFO] [1376570375.054119723, 23.100000000]: Current y position is: 10.000000[0m
[0m[ INFO] [1376570375.054156223, 23.100000000]: Current theta is: 90.000000[0m
Current step: 0
[0m[ INFO] [1376570375.215298138, 23.200000000]: Current x position is: 27.900000[0m
[0m[ INFO] [1376570375.215356627, 23.200000000]: Current y position is: 10.000000[0m
[0m[ INFO] [1376570375.215393463, 23.200000000]: Current theta is: 90.000000[0m
Current step: 0
Current step: 0
[0m[ INFO] [1376570375.382813189, 23.400000000]: Current x position is: 28.000000[0m
[0m[ INFO] [1376570375.382871511, 23.400000000]: Current y position is: 10.000000[0m
[0m[ INFO] [1376570375.382909040, 23.400000000]: Current theta is: 90.000000[0m
[0m[ INFO] [1376570375.382952203, 23.400000000]: Current x position is: 28.100000[0m
[0m[ INFO] [1376570375.382988563, 23.400000000]: Current y position is: 10.000000[0m
[0m[ INFO] [1376570375.383023705, 23.400000000]: Current theta is: 90.000000[0m
Current step: 0
[0m[ INFO] [1376570375.515455837, 23.500000000]: Current x position is: 28.200000[0m
[0m[ INFO] [1376570375.515515272, 23.500000000]: Current y position is: 10.000000[0m
[0m[ INFO] [1376570375.515552537, 23.500000000]: Current theta is: 90.000000[0m
Current step: 0
Current step: 0
[0m[ INFO] [1376570375.684994812, 23.700000000]: Current x position is: 28.300000[0m
[0m[ INFO] [1376570375.685053349, 23.700000000]: Current y position is: 10.000000[0m
[0m[ INFO] [1376570375.685090814, 23.700000000]: Current theta is: 90.000000[0m
[0m[ INFO] [1376570375.685133085, 23.700000000]: Current x position is: 28.400000[0m
[0m[ INFO] [1376570375.685178867, 23.700000000]: Current y position is: 10.000000[0m
[0m[ INFO] [1376570375.685216273, 23.700000000]: Current theta is: 90.000000[0m
Current step: 0
[0m[ INFO] [1376570375.814492406, 23.800000000]: Current x position is: 28.500000[0m
[0m[ INFO] [1376570375.814551909, 23.800000000]: Current y position is: 10.000000[0m
[0m[ INFO] [1376570375.814589267, 23.800000000]: Current theta is: 90.000000[0m
Current step: 0
Current step: 0
[0m[ INFO] [1376570375.941854736, 24.000000000]: Current x position is: 28.600000[0m
[0m[ INFO] [1376570375.941914893, 24.000000000]: Current y position is: 10.000000[0m
[0m[ INFO] [1376570375.941953183, 24.000000000]: Current theta is: 90.000000[0m
[0m[ INFO] [1376570375.941996500, 24.000000000]: Current x position is: 28.700000[0m
[0m[ INFO] [1376570375.942033117, 24.000000000]: Current y position is: 10.000000[0m
[0m[ INFO] [1376570375.942067719, 24.000000000]: Current theta is: 90.000000[0m
Current step: 0
[0m[ INFO] [1376570376.071988439, 24.100000000]: Current x position is: 28.800000[0m
[0m[ INFO] [1376570376.072049834, 24.100000000]: Current y position is: 10.000000[0m
[0m[ INFO] [1376570376.072087890, 24.100000000]: Current theta is: 90.000000[0m
Current step: 0
[0m[ INFO] [1376570376.217039905, 24.200000000]: Current x position is: 28.900000[0m
[0m[ INFO] [1376570376.217099234, 24.200000000]: Current y position is: 10.000000[0m
[0m[ INFO] [1376570376.217137086, 24.200000000]: Current theta is: 90.000000[0m
Current step: 0
Current step: 0
[0m[ INFO] [1376570376.382993861, 24.400000000]: Current x position is: 29.000000[0m
[0m[ INFO] [1376570376.383076784, 24.400000000]: Current y position is: 10.000000[0m
[0m[ INFO] [1376570376.383114792, 24.400000000]: Current theta is: 90.000000[0m
[0m[ INFO] [1376570376.383157703, 24.400000000]: Current x position is: 29.100000[0m
[0m[ INFO] [1376570376.383193882, 24.400000000]: Current y position is: 10.000000[0m
[0m[ INFO] [1376570376.383228146, 24.400000000]: Current theta is: 90.000000[0m
Current step: 0
[0m[ INFO] [1376570376.511536280, 24.500000000]: Current x position is: 29.200000[0m
[0m[ INFO] [1376570376.511593026, 24.500000000]: Current y position is: 10.000000[0m
[0m[ INFO] [1376570376.511629504, 24.500000000]: Current theta is: 90.000000[0m
Current step: 0
Current step: 0
[0m[ INFO] [1376570376.668422621, 24.700000000]: Current x position is: 29.300000[0m
[0m[ INFO] [1376570376.668480795, 24.700000000]: Current y position is: 10.000000[0m
[0m[ INFO] [1376570376.668517296, 24.700000000]: Current theta is: 90.000000[0m
[0m[ INFO] [1376570376.668559728, 24.700000000]: Current x position is: 29.400000[0m
[0m[ INFO] [1376570376.668594983, 24.700000000]: Current y position is: 10.000000[0m
[0m[ INFO] [1376570376.668628583, 24.700000000]: Current theta is: 90.000000[0m
Current step: 0
[0m[ INFO] [1376570376.809370928, 24.800000000]: Current x position is: 29.500000[0m
[0m[ INFO] [1376570376.809428815, 24.800000000]: Current y position is: 10.000000[0m
[0m[ INFO] [1376570376.809465063, 24.800000000]: Current theta is: 90.000000[0m
Current step: 1
Current step: 1
[0m[ INFO] [1376570376.977405961, 25.000000000]: Current x position is: 29.600000[0m
[0m[ INFO] [1376570376.977464802, 25.000000000]: Current y position is: 10.000000[0m
[0m[ INFO] [1376570376.977501411, 25.000000000]: Current theta is: 90.000000[0m
[0m[ INFO] [1376570376.977543138, 25.000000000]: Current x position is: 29.700000[0m
[0m[ INFO] [1376570376.977578393, 25.000000000]: Current y position is: 10.000000[0m
[0m[ INFO] [1376570376.977611987, 25.000000000]: Current theta is: 90.000000[0m
Current step: 1
[0m[ INFO] [1376570377.110446360, 25.100000000]: Current x position is: 29.800000[0m
[0m[ INFO] [1376570377.110504937, 25.100000000]: Current y position is: 10.000000[0m
[0m[ INFO] [1376570377.110541437, 25.100000000]: Current theta is: 90.000000[0m
Current step: 1
Current step: 1
[0m[ INFO] [1376570377.247123514, 25.300000000]: Current x position is: 29.800000[0m
[0m[ INFO] [1376570377.247181040, 25.300000000]: Current y position is: 10.000000[0m
[0m[ INFO] [1376570377.247218265, 25.300000000]: Current theta is: 85.000000[0m
[0m[ INFO] [1376570377.247260097, 25.300000000]: Current x position is: 29.800000[0m
[0m[ INFO] [1376570377.247295621, 25.300000000]: Current y position is: 10.000000[0m
[0m[ INFO] [1376570377.247340521, 25.300000000]: Current theta is: 80.000000[0m
Current step: 1
[0m[ INFO] [1376570377.374528078, 25.400000000]: Current x position is: 29.800000[0m
[0m[ INFO] [1376570377.374586614, 25.400000000]: Current y position is: 10.000000[0m
[0m[ INFO] [1376570377.374623987, 25.400000000]: Current theta is: 75.000000[0m
Current step: 1
[0m[ INFO] [1376570377.502608752, 25.500000000]: Current x position is: 29.800000[0m
[0m[ INFO] [1376570377.502666780, 25.500000000]: Current y position is: 10.000000[0m
[0m[ INFO] [1376570377.502703582, 25.500000000]: Current theta is: 70.000000[0m
Current step: 1
Current step: 1
[0m[ INFO] [1376570377.717449809, 25.700000000]: Current x position is: 29.800000[0m
[0m[ INFO] [1376570377.717507407, 25.700000000]: Current y position is: 10.000000[0m
[0m[ INFO] [1376570377.717544059, 25.700000000]: Current theta is: 65.000000[0m
[0m[ INFO] [1376570377.717585708, 25.700000000]: Current x position is: 29.800000[0m
[0m[ INFO] [1376570377.717620838, 25.700000000]: Current y position is: 10.000000[0m
[0m[ INFO] [1376570377.717654320, 25.700000000]: Current theta is: 60.000000[0m
Current step: 1
Current step: 1
[0m[ INFO] [1376570377.885637727, 25.900000000]: Current x position is: 29.800000[0m
[0m[ INFO] [1376570377.885719517, 25.900000000]: Current y position is: 10.000000[0m
[0m[ INFO] [1376570377.885757023, 25.900000000]: Current theta is: 55.000000[0m
[0m[ INFO] [1376570377.885800266, 25.900000000]: Current x position is: 29.800000[0m
[0m[ INFO] [1376570377.885835908, 25.900000000]: Current y position is: 10.000000[0m
[0m[ INFO] [1376570377.885869998, 25.900000000]: Current theta is: 50.000000[0m
Current step: 1
[0m[ INFO] [1376570378.018000254, 26.000000000]: Current x position is: 29.800000[0m
[0m[ INFO] [1376570378.018058617, 26.000000000]: Current y position is: 10.000000[0m
[0m[ INFO] [1376570378.018095422, 26.000000000]: Current theta is: 45.000000[0m
Current step: 1
Current step: 1
[0m[ INFO] [1376570378.189133549, 26.200000000]: Current x position is: 29.800000[0m
[0m[ INFO] [1376570378.189194864, 26.200000000]: Current y position is: 10.000000[0m
[0m[ INFO] [1376570378.189233480, 26.200000000]: Current theta is: 40.000000[0m
[0m[ INFO] [1376570378.189277486, 26.200000000]: Current x position is: 29.800000[0m
[0m[ INFO] [1376570378.189314446, 26.200000000]: Current y position is: 10.000000[0m
[0m[ INFO] [1376570378.189349245, 26.200000000]: Current theta is: 35.000000[0m
Current step: 1
[0m[ INFO] [1376570378.313067036, 26.300000000]: Current x position is: 29.800000[0m
[0m[ INFO] [1376570378.313126975, 26.300000000]: Current y position is: 10.000000[0m
[0m[ INFO] [1376570378.313164120, 26.300000000]: Current theta is: 30.000000[0m
Current step: 1
Current step: 1
[0m[ INFO] [1376570378.481435403, 26.500000000]: Current x position is: 29.800000[0m
[0m[ INFO] [1376570378.481502616, 26.500000000]: Current y position is: 10.000000[0m
[0m[ INFO] [1376570378.481539827, 26.500000000]: Current theta is: 25.000000[0m
[0m[ INFO] [1376570378.481582580, 26.500000000]: Current x position is: 29.800000[0m
[0m[ INFO] [1376570378.481618035, 26.500000000]: Current y position is: 10.000000[0m
[0m[ INFO] [1376570378.481651565, 26.500000000]: Current theta is: 20.000000[0m
Current step: 1
[0m[ INFO] [1376570378.615231364, 26.600000000]: Current x position is: 29.800000[0m
[0m[ INFO] [1376570378.615289477, 26.600000000]: Current y position is: 10.000000[0m
[0m[ INFO] [1376570378.615325956, 26.600000000]: Current theta is: 15.000000[0m
Current step: 2
Current step: 2
[0m[ INFO] [1376570378.781675320, 26.800000000]: Current x position is: 29.800000[0m
[0m[ INFO] [1376570378.781732411, 26.800000000]: Current y position is: 10.000000[0m
[0m[ INFO] [1376570378.781768399, 26.800000000]: Current theta is: 10.000000[0m
[0m[ INFO] [1376570378.781810075, 26.800000000]: Current x position is: 29.800000[0m
[0m[ INFO] [1376570378.781845364, 26.800000000]: Current y position is: 10.000000[0m
[0m[ INFO] [1376570378.781878563, 26.800000000]: Current theta is: 5.000000[0m
Current step: 2
[0m[ INFO] [1376570378.906753370, 26.900000000]: Current x position is: 29.800000[0m
[0m[ INFO] [1376570378.906815385, 26.900000000]: Current y position is: 10.000000[0m
[0m[ INFO] [1376570378.906853656, 26.900000000]: Current theta is: 0.000000[0m
Current step: 2
Current step: 2
[0m[ INFO] [1376570379.050775624, 27.100000000]: Current x position is: 29.800000[0m
[0m[ INFO] [1376570379.050838701, 27.100000000]: Current y position is: 9.900000[0m
[0m[ INFO] [1376570379.050877125, 27.100000000]: Current theta is: 0.000000[0m
[0m[ INFO] [1376570379.050921291, 27.100000000]: Current x position is: 29.800000[0m
[0m[ INFO] [1376570379.050958117, 27.100000000]: Current y position is: 9.800000[0m
[0m[ INFO] [1376570379.050992714, 27.100000000]: Current theta is: 0.000000[0m
Current step: 2
[0m[ INFO] [1376570379.198404283, 27.200000000]: Current x position is: 29.800000[0m
[0m[ INFO] [1376570379.198466678, 27.200000000]: Current y position is: 9.700000[0m
[0m[ INFO] [1376570379.198505058, 27.200000000]: Current theta is: 0.000000[0m
Current step: 2
Current step: 2
[0m[ INFO] [1376570379.339953030, 27.400000000]: Cur